<?xml version="1.0" encoding="UTF-8"?>
<!-- Generated by org.testng.reporters.JUnitReportReporter -->
<testsuite hostname="Avinash" failures="0" tests="1" name="com.yourorg.tests.LoginTest" time="0.004" errors="0" timestamp="2025-07-11T07:48:48 IST" skipped="0">
  <testcase classname="com.yourorg.tests.LoginTest" name="loginTest" time="0.004"/>
</testsuite> <!-- com.yourorg.tests.LoginTest -->
