<?xml version="1.0" encoding="UTF-8"?>
<!-- Generated by org.testng.reporters.JUnitReportReporter -->
<testsuite hostname="Avinash" failures="0" tests="1" name="com.yourorg.SignAndPaymentTest" time="0.001" errors="0" timestamp="2025-07-13T22:07:42 IST" skipped="0">
  <testcase classname="com.yourorg.SignAndPaymentTest" name="SignAndPaymentIssue" time="0.001"/>
</testsuite> <!-- com.yourorg.SignAndPaymentTest -->
