<?xml version="1.0" encoding="UTF-8"?>
<!-- Generated by org.testng.reporters.JUnitReportReporter -->
<testsuite hostname="Avinash" failures="0" tests="1" name="Agent.AI.AppTest" time="0.005" errors="0" timestamp="2025-07-13T21:12:25 IST" skipped="0">
  <testcase classname="Agent.AI.AppTest" name="testApp" time="0.005"/>
</testsuite> <!-- Agent.AI.AppTest -->
